fix=0	qual=0	sats=0	ant=0	datetime=17/2/20T20:2:43	lat=0	long=0	fixLat=0	fixLong=0
accelX=-0.88	accelY=-0.08	accelZ=9.65
longLoops=9374	recentLoops=100	recentMicros=505395
pressure=1000.27	temp=25.57
fix=0	qual=0	sats=0	ant=0	datetime=44/2/20T20:2:43	lat=0	long=0	fixLat=0	fixLong=0
accelX=-0.88	accelY=-0.08	accelZ=9.69
longLoops=9423	recentLoops=100	recentMicros=506862
pressure=1000.25	temp=25.58
fix=0	qual=0	sats=0	ant=0	datetime=44/2/20T20:2:43	lat=0	long=0	fixLat=0	fixLong=0
accelX=-0.88	accelY=-0.08	accelZ=9.65
longLoops=9472	recentLoops=100	recentMicros=505616
pressure=1000.26	temp=25.59
fix=0	qual=0	sats=0	ant=0	datetime=44/2/20T20:2:43	lat=0	long=0	fixLat=0	fixLong=0
accelX=-0.88	accelY=-0.04	accelZ=9.69
longLoops=9520	recentLoops=100	recentMicros=504827
pressure=1000.25	temp=25.59
fix=0	qual=0	sats=0	ant=0	datetime=44/2/20T20:2:43	lat=0	long=0	fixLat=0	fixLong=0
accelX=-0.84	accelY=-0.08	accelZ=9.69
longLoops=9568	recentLoops=100	recentMicros=505136
pressure=1000.26	temp=25.60
fix=0	qual=0	sats=0	ant=0	datetime=44/2/20T20:2:48	lat=0	long=0	fixLat=0	fixLong=0
accelX=-0.88	accelY=-0.04	accelZ=9.69
longLoops=9617	recentLoops=100	recentMicros=505436
pressure=1000.25	temp=25.60
fix=0	qual=0	sats=0	ant=0	datetime=44/2/20T20:2:48	lat=0	long=0	fixLat=0	fixLong=0
accelX=-0.88	accelY=-0.08	accelZ=9.69
longLoops=9665	recentLoops=100	recentMicros=505951
pressure=1000.29	temp=25.61
fix=0	qual=0	sats=0	ant=0	datetime=44/2/20T20:2:48	lat=0	long=0	fixLat=0	fixLong=0
accelX=-0.88	accelY=-0.08	accelZ=9.69
longLoops=9713	recentLoops=100	recentMicros=504810
pressure=1000.32	temp=25.62
fix=0	qual=0	sats=0	ant=0	datetime=44/2/20T20:2:48	lat=0	long=0	fixLat=0	fixLong=0
accelX=-0.84	accelY=-0.04	accelZ=9.69
longLoops=9761	recentLoops=100	recentMicros=505998
pressure=1000.29	temp=25.59
fix=0	qual=0	sats=0	ant=0	datetime=44/2/20T20:2:48	lat=0	long=0	fixLat=0	fixLong=0
accelX=-0.73	accelY=-0.54	accelZ=7.93
longLoops=9809	recentLoops=100	recentMicros=504139
pressure=1000.30	temp=25.60
fix=0	qual=0	sats=0	ant=0	datetime=44/2/20T20:2:53	lat=0	long=0	fixLat=0	fixLong=0
accelX=-1.11	accelY=0.38	accelZ=9.20
longLoops=9857	recentLoops=100	recentMicros=504617
pressure=1000.29	temp=25.61
fix=0	qual=0	sats=0	ant=0	datetime=44/2/20T20:2:53	lat=0	long=0	fixLat=0	fixLong=0
accelX=-0.30	accelY=-1.23	accelZ=9.88
longLoops=9904	recentLoops=100	recentMicros=500476
pressure=1000.27	temp=25.60
fix=0	qual=0	sats=0	ant=0	datetime=44/2/20T20:2:53	lat=0	long=0	fixLat=0	fixLong=0
accelX=-0.73	accelY=-0.96	accelZ=9.80
pressure=1000.33	temp=25.62
fix=0	qual=0	sats=0	ant=0	datetime=44/2/20T20:2:56	lat=0	long=0	fixLat=0	fixLong=0
accelX=-0.96	accelY=0.88	accelZ=9.65
longLoops=10000	recentLoops=100	recentMicros=504706
pressure=1000.29	temp=25.64
fix=0	qual=0	sats=0	ant=0	datetime=44/2/20T20:2:57	lat=0	long=0	fixLat=0	fixLong=0
accelX=-0.92	accelY=-0.92	accelZ=9.73
longLoops=10048	recentLoops=100	recentMicros=500458
pressure=1000.28	temp=25.64
fix=0	qual=0	sats=0	ant=0	datetime=44/2/20T20:2:58	lat=0	long=0	fixLat=0	fixLong=0
accelX=-0.88	accelY=-0.08	accelZ=9.69
longLoops=10096	recentLoops=100	recentMicros=504882
pressure=1000.29	temp=25.66
fix=0	qual=0	sats=0	ant=0	datetime=44/2/20T20:2:59	lat=0	long=0	fixLat=0	fixLong=0
accelX=-0.57	accelY=-1.00	accelZ=9.69
longLoops=10144	recentLoops=100	recentMicros=504944
pressure=1000.29	temp=25.66
fix=0	qual=0	sats=0	ant=0	datetime=44/2/20T20:3:0	lat=0	long=0	fixLat=0	fixLong=0
accelX=-0.61	accelY=-0.19	accelZ=9.65
longLoops=10193	recentLoops=100	recentMicros=506403
pressure=1000.29	temp=25.65
fix=0	qual=0	sats=0	ant=0	datetime=44/2/20T20:3:0	lat=0	long=0	fixLat=0	fixLong=0
accelX=-0.65	accelY=-0.38	accelZ=9.73
longLoops=10241	recentLoops=100	recentMicros=499151
pressure=1000.29	temp=25.66
fix=0	qual=0	sats=0	ant=0	datetime=44/2/20T20:3:0	lat=0	long=0	fixLat=0	fixLong=0
accelX=-2.30	accelY=2.45	accelZ=8.12
longLoops=10289	recentLoops=100	recentMicros=500922
pressure=1000.32	temp=25.66
fix=0	qual=0	sats=0	ant=0	datetime=44/2/20T20:3:0	lat=0	long=0	fixLat=0	fixLong=0
accelX=-0.84	accelY=0.00	accelZ=9.69
longLoops=10336	recentLoops=100	recentMicros=493829
pressure=1000.31	temp=25.67
fix=0	qual=0	sats=0	ant=0	datetime=44/2/20T20:3:0	lat=0	long=0	fixLat=0	fixLong=0
accelX=-0.84	accelY=0.00	accelZ=9.69
longLoops=10383	recentLoops=100	recentMicros=493997
pressure=1000.33	temp=25.67
fix=0	qual=0	sats=0	ant=0	datetime=44/2/20T20:3:0	lat=0	long=0	fixLat=0	fixLong=0
accelX=-0.84	accelY=0.00	accelZ=9.69
longLoops=10430	recentLoops=100	recentMicros=494880
pressure=1000.30	temp=25.63
fix=0	qual=0	sats=0	ant=0	datetime=44/2/20T20:3:0	lat=0	long=0	fixLat=0	fixLong=0
accelX=-0.84	accelY=-0.04	accelZ=9.69
longLoops=10478	recentLoops=100	recentMicros=497013
pressure=1000.31	temp=25.63
fix=0	qual=0	sats=0	ant=0	datetime=44/2/20T20:3:7	lat=0	long=0	fixLat=0	fixLong=0
accelX=-0.84	accelY=0.00	accelZ=9.69
longLoops=10526	recentLoops=100	recentMicros=501068
pressure=1000.28	temp=25.64
fix=0	qual=0	sats=0	ant=0	datetime=44/2/20T20:3:7	lat=0	long=0	fixLat=0	fixLong=0
accelX=-0.84	accelY=0.00	accelZ=9.69
longLoops=10573	recentLoops=100	recentMicros=494736
pressure=1000.33	temp=25.66
fix=0	qual=0	sats=0	ant=0	datetime=44/2/20T20:3:7	lat=0	long=0	fixLat=0	fixLong=0
accelX=-0.84	accelY=-0.04	accelZ=9.69
longLoops=10620	recentLoops=100	recentMicros=495548
pressure=1000.27	temp=25.66
fix=0	qual=0	sats=0	ant=0	datetime=44/2/20T20:3:7	lat=0	long=0	fixLat=0	fixLong=0
accelX=-0.84	accelY=-0.04	accelZ=9.69
longLoops=10668	recentLoops=100	recentMicros=499701
pressure=1000.30	temp=25.68
fix=0	qual=0	sats=0	ant=0	datetime=44/2/20T20:3:7	lat=0	long=0	fixLat=0	fixLong=0
accelX=-0.84	accelY=0.00	accelZ=9.69
longLoops=10716	recentLoops=100	recentMicros=499990
pressure=1000.27	temp=25.68
fix=0	qual=0	sats=0	ant=0	datetime=44/2/20T20:3:7	lat=0	long=0	fixLat=0	fixLong=0
accelX=-0.84	accelY=0.00	accelZ=9.69
longLoops=10764	recentLoops=100	recentMicros=499065
pressure=1000.27	temp=25.66
fix=0	qual=0	sats=0	ant=0	datetime=44/2/20T20:3:7	lat=0	long=0	fixLat=0	fixLong=0
accelX=-0.84	accelY=0.00	accelZ=9.65
longLoops=10811	recentLoops=100	recentMicros=494773
pressure=1000.27	temp=25.65
fix=0	qual=0	sats=0	ant=0	datetime=44/2/20T20:3:7	lat=0	long=0	fixLat=0	fixLong=0
accelX=-0.84	accelY=-0.04	accelZ=9.69
longLoops=10858	recentLoops=100	recentMicros=496070
pressure=1000.27	temp=25.66
fix=0	qual=0	sats=0	ant=0	datetime=44/2/20T20:3:7	lat=0	long=0	fixLat=0	fixLong=0
accelX=-0.84	accelY=-0.04	accelZ=9.69
longLoops=10906	recentLoops=100	recentMicros=498503
pressure=1000.25	temp=25.68
fix=0	qual=0	sats=0	ant=0	datetime=44/2/20T20:3:7	lat=0	long=0	fixLat=0	fixLong=0
accelX=-0.84	accelY=0.00	accelZ=9.69
longLoops=10954	recentLoops=100	recentMicros=499772
pressure=1000.26	temp=25.69
fix=0	qual=0	sats=0	ant=0	datetime=44/2/20T20:3:7	lat=0	long=0	fixLat=0	fixLong=0
accelX=-0.84	accelY=-0.04	accelZ=9.69
longLoops=11001	recentLoops=100	recentMicros=494719
pressure=1000.27	temp=25.70
fix=0	qual=0	sats=0	ant=0	datetime=44/2/20T20:3:7	lat=0	long=0	fixLat=0	fixLong=0
accelX=-0.84	accelY=0.00	accelZ=9.69
longLoops=11049	recentLoops=100	recentMicros=500730
pressure=1000.26	temp=25.70
fix=0	qual=0	sats=0	ant=0	datetime=44/2/20T20:3:7	lat=0	long=0	fixLat=0	fixLong=0
accelX=-0.84	accelY=-0.04	accelZ=9.69
longLoops=11096	recentLoops=100	recentMicros=494687
pressure=1000.28	temp=25.70
fix=0	qual=0	sats=0	ant=0	datetime=44/2/20T20:3:7	lat=0	long=0	fixLat=0	fixLong=0
accelX=-0.84	accelY=0.00	accelZ=9.69
longLoops=11144	recentLoops=100	recentMicros=499102
pressure=1000.27	temp=25.70
fix=0	qual=0	sats=0	ant=0	datetime=44/2/20T20:3:7	lat=0	long=0	fixLat=0	fixLong=0
accelX=-0.84	accelY=-0.04	accelZ=9.69
longLoops=11191	recentLoops=100	recentMicros=495247
pressure=1000.27	temp=25.70
fix=0	qual=0	sats=0	ant=0	datetime=44/2/20T20:3:7	lat=0	long=0	fixLat=0	fixLong=0
accelX=-0.84	accelY=0.00	accelZ=9.69
longLoops=11238	recentLoops=100	recentMicros=498846
pressure=1000.29	temp=25.68
fix=0	qual=0	sats=0	ant=0	datetime=44/2/20T20:3:7	lat=0	long=0	fixLat=0	fixLong=0
accelX=-0.84	accelY=0.00	accelZ=9.69
longLoops=11285	recentLoops=100	recentMicros=494968
pressure=1000.28	temp=25.70
fix=0	qual=0	sats=0	ant=0	datetime=44/2/20T20:3:7	lat=0	long=0	fixLat=0	fixLong=0
accelX=-0.84	accelY=-0.04	accelZ=9.69
longLoops=11332	recentLoops=100	recentMicros=494666
pressure=1000.27	temp=25.71
fix=0	qual=0	sats=0	ant=0	datetime=44/2/20T20:3:7	lat=0	long=0	fixLat=0	fixLong=0
accelX=-0.84	accelY=0.00	accelZ=9.69
longLoops=11380	recentLoops=100	recentMicros=498930
pressure=1000.29	temp=25.69
fix=0	qual=0	sats=0	ant=0	datetime=44/2/20T20:3:7	lat=0	long=0	fixLat=0	fixLong=0
accelX=-0.84	accelY=-0.04	accelZ=9.69
longLoops=11427	recentLoops=100	recentMicros=495073
pressure=1000.27	temp=25.68
fix=0	qual=0	sats=0	ant=0	datetime=44/2/20T20:3:7	lat=0	long=0	fixLat=0	fixLong=0
accelX=-0.84	accelY=-0.04	accelZ=9.69
longLoops=11474	recentLoops=100	recentMicros=500271
pressure=1000.26	temp=25.70
fix=0	qual=0	sats=0	ant=0	datetime=44/2/20T20:3:28	lat=0	long=0	fixLat=0	fixLong=0
accelX=-0.80	accelY=-0.04	accelZ=9.69
longLoops=11522	recentLoops=100	recentMicros=499743
pressure=1000.24	temp=25.71
fix=0	qual=0	sats=0	ant=0	datetime=44/2/20T20:3:28	lat=0	long=0	fixLat=0	fixLong=0
accelX=-0.84	accelY=-0.04	accelZ=9.69
longLoops=11570	recentLoops=100	recentMicros=504634
pressure=1000.32	temp=25.74
fix=0	qual=0	sats=0	ant=0	datetime=44/2/20T20:3:28	lat=0	long=0	fixLat=0	fixLong=0
accelX=-0.84	accelY=-0.04	accelZ=9.69
longLoops=11619	recentLoops=100	recentMicros=506266
pressure=1000.30	temp=25.72
fix=0	qual=0	sats=0	ant=0	datetime=44/2/20T20:3:31	lat=0	long=0	fixLat=0	fixLong=0
accelX=-0.84	accelY=-0.04	accelZ=9.69
longLoops=11667	recentLoops=100	recentMicros=504690
pressure=1000.24	temp=25.71
fix=0	qual=0	sats=0	ant=0	datetime=44/2/20T20:3:31	lat=0	long=0	fixLat=0	fixLong=0
accelX=-0.84	accelY=0.00	accelZ=9.69
longLoops=11715	recentLoops=100	recentMicros=504360
pressure=1000.26	temp=25.71
fix=0	qual=0	sats=0	ant=0	datetime=44/2/20T20:3:31	lat=0	long=0	fixLat=0	fixLong=0
accelX=-0.84	accelY=0.00	accelZ=9.69
longLoops=11762	recentLoops=100	recentMicros=500294
